<?xml version="1.0" encoding="UTF-8"?>
<!-- Generated by org.testng.reporters.JUnitReportReporter -->
<testsuite hostname="Amit-PC" name="test.LaunchApp" tests="1" failures="0" timestamp="2 Jun 2018 15:01:51 GMT" time="12.493" errors="0">
  <testcase name="SearchMail" time="12.493" classname="test.LaunchApp"/>
</testsuite> <!-- test.LaunchApp -->
